[2025-10-10 21:17:43.243] [jointLog] [info] setting maxHashResizeThreads to 16
[2025-10-10 21:17:43.243] [jointLog] [info] Fragment incompatibility prior below threshold.  Incompatible fragments will be ignored.
[2025-10-10 21:17:43.243] [jointLog] [info] Usage of --validateMappings implies use of minScoreFraction. Since not explicitly specified, it is being set to 0.65
[2025-10-10 21:17:43.243] [jointLog] [info] Setting consensusSlack to selective-alignment default of 0.35.
[2025-10-10 21:17:43.243] [jointLog] [info] parsing read library format
[2025-10-10 21:17:43.243] [jointLog] [info] There is 1 library.
[2025-10-10 21:17:43.244] [jointLog] [info] Loading pufferfish index
[2025-10-10 21:17:43.244] [jointLog] [info] Loading dense pufferfish index.
[2025-10-10 21:17:43.547] [jointLog] [info] done
[2025-10-10 21:17:43.633] [jointLog] [info] Index contained 32131 targets
[2025-10-10 21:17:43.641] [jointLog] [info] Number of decoys : 0
[2025-10-10 21:17:43.953] [jointLog] [info] Automatically detected most likely library type as ISR

[2025-10-10 21:18:18.876] [jointLog] [info] Thread saw mini-batch with a maximum of 1.02% zero probability fragments
[2025-10-10 21:18:18.876] [jointLog] [info] Thread saw mini-batch with a maximum of 1.00% zero probability fragments
[2025-10-10 21:18:18.876] [jointLog] [info] Thread saw mini-batch with a maximum of 0.94% zero probability fragments
[2025-10-10 21:18:18.876] [jointLog] [info] Thread saw mini-batch with a maximum of 0.94% zero probability fragments
[2025-10-10 21:18:18.876] [jointLog] [info] Thread saw mini-batch with a maximum of 1.06% zero probability fragments
[2025-10-10 21:18:18.876] [jointLog] [info] Thread saw mini-batch with a maximum of 0.98% zero probability fragments
[2025-10-10 21:18:18.876] [jointLog] [info] Thread saw mini-batch with a maximum of 1.04% zero probability fragments
[2025-10-10 21:18:18.878] [jointLog] [info] Thread saw mini-batch with a maximum of 1.00% zero probability fragments
[2025-10-10 21:18:18.883] [jointLog] [info] Thread saw mini-batch with a maximum of 0.96% zero probability fragments
[2025-10-10 21:18:18.909] [jointLog] [info] Thread saw mini-batch with a maximum of 0.98% zero probability fragments
[2025-10-10 21:18:18.912] [jointLog] [info] Thread saw mini-batch with a maximum of 0.96% zero probability fragments
[2025-10-10 21:18:18.914] [jointLog] [info] Thread saw mini-batch with a maximum of 1.00% zero probability fragments
[2025-10-10 21:18:18.924] [jointLog] [info] Thread saw mini-batch with a maximum of 0.98% zero probability fragments
[2025-10-10 21:18:18.940] [jointLog] [info] Thread saw mini-batch with a maximum of 1.06% zero probability fragments
[2025-10-10 21:18:18.947] [jointLog] [info] Thread saw mini-batch with a maximum of 0.96% zero probability fragments
[2025-10-10 21:18:18.957] [jointLog] [info] Thread saw mini-batch with a maximum of 1.10% zero probability fragments
[2025-10-10 21:18:19.093] [jointLog] [info] Computed 131857 rich equivalence classes for further processing
[2025-10-10 21:18:19.093] [jointLog] [info] Counted 12716907 total reads in the equivalence classes 
[2025-10-10 21:18:19.110] [jointLog] [info] Number of mappings discarded because of alignment score : 873559
[2025-10-10 21:18:19.110] [jointLog] [info] Number of fragments entirely discarded because of alignment score : 487835
[2025-10-10 21:18:19.110] [jointLog] [info] Number of fragments discarded because they are best-mapped to decoys : 0
[2025-10-10 21:18:19.110] [jointLog] [info] Number of fragments discarded because they have only dovetail (discordant) mappings to valid targets : 85659
[2025-10-10 21:18:19.110] [jointLog] [info] Mapping rate = 91.3636%

[2025-10-10 21:18:19.110] [jointLog] [info] finished quantifyLibrary()
[2025-10-10 21:18:19.111] [jointLog] [info] Starting optimizer
[2025-10-10 21:18:19.133] [jointLog] [info] Marked 0 weighted equivalence classes as degenerate
[2025-10-10 21:18:19.136] [jointLog] [info] iteration = 0 | max rel diff. = 27313.3
[2025-10-10 21:18:19.380] [jointLog] [info] iteration = 100 | max rel diff. = 16.5753
[2025-10-10 21:18:19.094] [fileLog] [info] 
At end of round 0
==================
Observed 13919002 total fragments (13919002 in most recent round)

[2025-10-10 21:18:19.611] [jointLog] [info] iteration = 200 | max rel diff. = 0.119676
[2025-10-10 21:18:20.054] [jointLog] [info] iteration = 300 | max rel diff. = 0.300755
[2025-10-10 21:18:20.319] [jointLog] [info] iteration = 400 | max rel diff. = 0.0586982
[2025-10-10 21:18:20.538] [jointLog] [info] iteration = 500 | max rel diff. = 0.0186854
[2025-10-10 21:18:20.654] [jointLog] [info] iteration = 551 | max rel diff. = 0.00882634
[2025-10-10 21:18:20.656] [jointLog] [info] Finished optimizer
[2025-10-10 21:18:20.656] [jointLog] [info] writing output 

