[2025-10-10 21:10:04.397] [jointLog] [info] setting maxHashResizeThreads to 16
[2025-10-10 21:10:04.397] [jointLog] [info] Fragment incompatibility prior below threshold.  Incompatible fragments will be ignored.
[2025-10-10 21:10:04.397] [jointLog] [info] Usage of --validateMappings implies use of minScoreFraction. Since not explicitly specified, it is being set to 0.65
[2025-10-10 21:10:04.397] [jointLog] [info] Setting consensusSlack to selective-alignment default of 0.35.
[2025-10-10 21:10:04.397] [jointLog] [info] parsing read library format
[2025-10-10 21:10:04.399] [jointLog] [info] There is 1 library.
[2025-10-10 21:10:04.401] [jointLog] [info] Loading pufferfish index
[2025-10-10 21:10:04.401] [jointLog] [info] Loading dense pufferfish index.
[2025-10-10 21:10:05.393] [jointLog] [info] done
[2025-10-10 21:10:05.561] [jointLog] [info] Index contained 32131 targets
[2025-10-10 21:10:05.568] [jointLog] [info] Number of decoys : 0
[2025-10-10 21:10:05.950] [jointLog] [info] Automatically detected most likely library type as ISR

[2025-10-10 21:10:36.580] [jointLog] [info] Thread saw mini-batch with a maximum of 0.98% zero probability fragments
[2025-10-10 21:10:36.579] [jointLog] [info] Thread saw mini-batch with a maximum of 1.08% zero probability fragments
[2025-10-10 21:10:36.580] [jointLog] [info] Thread saw mini-batch with a maximum of 1.06% zero probability fragments
[2025-10-10 21:10:36.579] [jointLog] [info] Thread saw mini-batch with a maximum of 1.00% zero probability fragments
[2025-10-10 21:10:36.580] [jointLog] [info] Thread saw mini-batch with a maximum of 1.04% zero probability fragments
[2025-10-10 21:10:36.580] [jointLog] [info] Thread saw mini-batch with a maximum of 1.14% zero probability fragments
[2025-10-10 21:10:36.580] [jointLog] [info] Thread saw mini-batch with a maximum of 1.08% zero probability fragments
[2025-10-10 21:10:36.581] [jointLog] [info] Thread saw mini-batch with a maximum of 1.02% zero probability fragments
[2025-10-10 21:10:36.587] [jointLog] [info] Thread saw mini-batch with a maximum of 1.04% zero probability fragments
[2025-10-10 21:10:36.590] [jointLog] [info] Thread saw mini-batch with a maximum of 0.96% zero probability fragments
[2025-10-10 21:10:36.612] [jointLog] [info] Thread saw mini-batch with a maximum of 1.00% zero probability fragments
[2025-10-10 21:10:36.622] [jointLog] [info] Thread saw mini-batch with a maximum of 1.04% zero probability fragments
[2025-10-10 21:10:36.625] [jointLog] [info] Thread saw mini-batch with a maximum of 1.06% zero probability fragments
[2025-10-10 21:10:36.635] [jointLog] [info] Thread saw mini-batch with a maximum of 1.02% zero probability fragments
[2025-10-10 21:10:36.643] [jointLog] [info] Thread saw mini-batch with a maximum of 1.06% zero probability fragments
[2025-10-10 21:10:36.648] [jointLog] [info] Thread saw mini-batch with a maximum of 0.98% zero probability fragments
[2025-10-10 21:10:36.737] [jointLog] [info] Computed 78291 rich equivalence classes for further processing
[2025-10-10 21:10:36.737] [jointLog] [info] Counted 10767679 total reads in the equivalence classes 
[2025-10-10 21:10:36.752] [jointLog] [info] Number of mappings discarded because of alignment score : 741441
[2025-10-10 21:10:36.752] [jointLog] [info] Number of fragments entirely discarded because of alignment score : 434360
[2025-10-10 21:10:36.752] [jointLog] [info] Number of fragments discarded because they are best-mapped to decoys : 0
[2025-10-10 21:10:36.752] [jointLog] [info] Number of fragments discarded because they have only dovetail (discordant) mappings to valid targets : 84352
[2025-10-10 21:10:36.752] [jointLog] [info] Mapping rate = 90.717%

[2025-10-10 21:10:36.752] [jointLog] [info] finished quantifyLibrary()
[2025-10-10 21:10:36.752] [jointLog] [info] Starting optimizer
[2025-10-10 21:10:36.770] [jointLog] [info] Marked 0 weighted equivalence classes as degenerate
[2025-10-10 21:10:36.772] [jointLog] [info] iteration = 0 | max rel diff. = 23699.3
[2025-10-10 21:10:36.978] [jointLog] [info] iteration = 100 | max rel diff. = 0.769005
[2025-10-10 21:10:37.145] [jointLog] [info] iteration = 200 | max rel diff. = 1.44078
[2025-10-10 21:10:36.738] [fileLog] [info] 
At end of round 0
==================
Observed 11869531 total fragments (11869531 in most recent round)

[2025-10-10 21:10:37.364] [jointLog] [info] iteration = 300 | max rel diff. = 0.153532
[2025-10-10 21:10:37.529] [jointLog] [info] iteration = 400 | max rel diff. = 0.280105
[2025-10-10 21:10:37.694] [jointLog] [info] iteration = 500 | max rel diff. = 0.0395474
[2025-10-10 21:10:37.887] [jointLog] [info] iteration = 600 | max rel diff. = 0.0479642
[2025-10-10 21:10:38.056] [jointLog] [info] iteration = 700 | max rel diff. = 0.0699466
[2025-10-10 21:10:38.221] [jointLog] [info] iteration = 800 | max rel diff. = 0.285583
[2025-10-10 21:10:38.394] [jointLog] [info] iteration = 900 | max rel diff. = 0.0358938
[2025-10-10 21:10:38.560] [jointLog] [info] iteration = 1000 | max rel diff. = 0.0119841
[2025-10-10 21:10:38.691] [jointLog] [info] iteration = 1080 | max rel diff. = 0.00204169
[2025-10-10 21:10:38.692] [jointLog] [info] Finished optimizer
[2025-10-10 21:10:38.692] [jointLog] [info] writing output 

