[2025-10-10 21:15:58.060] [jointLog] [info] setting maxHashResizeThreads to 16
[2025-10-10 21:15:58.060] [jointLog] [info] Fragment incompatibility prior below threshold.  Incompatible fragments will be ignored.
[2025-10-10 21:15:58.060] [jointLog] [info] Usage of --validateMappings implies use of minScoreFraction. Since not explicitly specified, it is being set to 0.65
[2025-10-10 21:15:58.060] [jointLog] [info] Setting consensusSlack to selective-alignment default of 0.35.
[2025-10-10 21:15:58.060] [jointLog] [info] parsing read library format
[2025-10-10 21:15:58.060] [jointLog] [info] There is 1 library.
[2025-10-10 21:15:58.060] [jointLog] [info] Loading pufferfish index
[2025-10-10 21:15:58.060] [jointLog] [info] Loading dense pufferfish index.
[2025-10-10 21:15:58.302] [jointLog] [info] done
[2025-10-10 21:15:58.376] [jointLog] [info] Index contained 32131 targets
[2025-10-10 21:15:58.382] [jointLog] [info] Number of decoys : 0
[2025-10-10 21:15:58.681] [jointLog] [info] Automatically detected most likely library type as ISR

[2025-10-10 21:16:27.552] [jointLog] [info] Thread saw mini-batch with a maximum of 0.78% zero probability fragments
[2025-10-10 21:16:27.552] [jointLog] [info] Thread saw mini-batch with a maximum of 0.78% zero probability fragments
[2025-10-10 21:16:27.553] [jointLog] [info] Thread saw mini-batch with a maximum of 0.84% zero probability fragments
[2025-10-10 21:16:27.553] [jointLog] [info] Thread saw mini-batch with a maximum of 0.72% zero probability fragments
[2025-10-10 21:16:27.553] [jointLog] [info] Thread saw mini-batch with a maximum of 0.78% zero probability fragments
[2025-10-10 21:16:27.553] [jointLog] [info] Thread saw mini-batch with a maximum of 0.84% zero probability fragments
[2025-10-10 21:16:27.553] [jointLog] [info] Thread saw mini-batch with a maximum of 0.78% zero probability fragments
[2025-10-10 21:16:27.553] [jointLog] [info] Thread saw mini-batch with a maximum of 0.82% zero probability fragments
[2025-10-10 21:16:27.554] [jointLog] [info] Thread saw mini-batch with a maximum of 0.84% zero probability fragments
[2025-10-10 21:16:27.563] [jointLog] [info] Thread saw mini-batch with a maximum of 0.82% zero probability fragments
[2025-10-10 21:16:27.582] [jointLog] [info] Thread saw mini-batch with a maximum of 0.80% zero probability fragments
[2025-10-10 21:16:27.584] [jointLog] [info] Thread saw mini-batch with a maximum of 0.80% zero probability fragments
[2025-10-10 21:16:27.608] [jointLog] [info] Thread saw mini-batch with a maximum of 0.76% zero probability fragments
[2025-10-10 21:16:27.610] [jointLog] [info] Thread saw mini-batch with a maximum of 0.80% zero probability fragments
[2025-10-10 21:16:27.619] [jointLog] [info] Thread saw mini-batch with a maximum of 0.78% zero probability fragments
[2025-10-10 21:16:27.622] [jointLog] [info] Thread saw mini-batch with a maximum of 0.74% zero probability fragments
[2025-10-10 21:16:27.771] [jointLog] [info] Computed 221041 rich equivalence classes for further processing
[2025-10-10 21:16:27.771] [jointLog] [info] Counted 10515993 total reads in the equivalence classes 
[2025-10-10 21:16:27.786] [jointLog] [info] Number of mappings discarded because of alignment score : 644525
[2025-10-10 21:16:27.786] [jointLog] [info] Number of fragments entirely discarded because of alignment score : 410432
[2025-10-10 21:16:27.786] [jointLog] [info] Number of fragments discarded because they are best-mapped to decoys : 0
[2025-10-10 21:16:27.786] [jointLog] [info] Number of fragments discarded because they have only dovetail (discordant) mappings to valid targets : 64626
[2025-10-10 21:16:27.786] [jointLog] [info] Mapping rate = 91.8973%

[2025-10-10 21:16:27.786] [jointLog] [info] finished quantifyLibrary()
[2025-10-10 21:16:27.787] [jointLog] [info] Starting optimizer
[2025-10-10 21:16:27.812] [jointLog] [info] Marked 0 weighted equivalence classes as degenerate
[2025-10-10 21:16:27.815] [jointLog] [info] iteration = 0 | max rel diff. = 25241.4
[2025-10-10 21:16:27.771] [fileLog] [info] 
At end of round 0
==================
Observed 11443203 total fragments (11443203 in most recent round)

[2025-10-10 21:16:28.175] [jointLog] [info] iteration = 100 | max rel diff. = 2.75891
[2025-10-10 21:16:28.562] [jointLog] [info] iteration = 200 | max rel diff. = 0.304035
[2025-10-10 21:16:28.912] [jointLog] [info] iteration = 300 | max rel diff. = 0.448071
[2025-10-10 21:16:29.281] [jointLog] [info] iteration = 400 | max rel diff. = 0.615594
[2025-10-10 21:16:29.635] [jointLog] [info] iteration = 500 | max rel diff. = 0.119893
[2025-10-10 21:16:29.680] [jointLog] [info] iteration = 514 | max rel diff. = 0.00896072
[2025-10-10 21:16:29.681] [jointLog] [info] Finished optimizer
[2025-10-10 21:16:29.681] [jointLog] [info] writing output 

