[2025-10-10 21:14:51.556] [jointLog] [info] setting maxHashResizeThreads to 16
[2025-10-10 21:14:51.556] [jointLog] [info] Fragment incompatibility prior below threshold.  Incompatible fragments will be ignored.
[2025-10-10 21:14:51.556] [jointLog] [info] Usage of --validateMappings implies use of minScoreFraction. Since not explicitly specified, it is being set to 0.65
[2025-10-10 21:14:51.556] [jointLog] [info] Setting consensusSlack to selective-alignment default of 0.35.
[2025-10-10 21:14:51.556] [jointLog] [info] parsing read library format
[2025-10-10 21:14:51.556] [jointLog] [info] There is 1 library.
[2025-10-10 21:14:51.556] [jointLog] [info] Loading pufferfish index
[2025-10-10 21:14:51.556] [jointLog] [info] Loading dense pufferfish index.
[2025-10-10 21:14:51.817] [jointLog] [info] done
[2025-10-10 21:14:51.899] [jointLog] [info] Index contained 32131 targets
[2025-10-10 21:14:51.906] [jointLog] [info] Number of decoys : 0
[2025-10-10 21:14:52.314] [jointLog] [info] Automatically detected most likely library type as ISR

[2025-10-10 21:15:19.341] [jointLog] [info] Thread saw mini-batch with a maximum of 1.50% zero probability fragments
[2025-10-10 21:15:19.341] [jointLog] [info] Thread saw mini-batch with a maximum of 1.28% zero probability fragments
[2025-10-10 21:15:19.341] [jointLog] [info] Thread saw mini-batch with a maximum of 1.46% zero probability fragments
[2025-10-10 21:15:19.341] [jointLog] [info] Thread saw mini-batch with a maximum of 1.40% zero probability fragments
[2025-10-10 21:15:19.341] [jointLog] [info] Thread saw mini-batch with a maximum of 1.40% zero probability fragments
[2025-10-10 21:15:19.341] [jointLog] [info] Thread saw mini-batch with a maximum of 1.46% zero probability fragments
[2025-10-10 21:15:19.341] [jointLog] [info] Thread saw mini-batch with a maximum of 1.38% zero probability fragments
[2025-10-10 21:15:19.343] [jointLog] [info] Thread saw mini-batch with a maximum of 1.30% zero probability fragments
[2025-10-10 21:15:19.355] [jointLog] [info] Thread saw mini-batch with a maximum of 1.44% zero probability fragments
[2025-10-10 21:15:19.359] [jointLog] [info] Thread saw mini-batch with a maximum of 1.38% zero probability fragments
[2025-10-10 21:15:19.375] [jointLog] [info] Thread saw mini-batch with a maximum of 1.34% zero probability fragments
[2025-10-10 21:15:19.383] [jointLog] [info] Thread saw mini-batch with a maximum of 1.38% zero probability fragments
[2025-10-10 21:15:19.396] [jointLog] [info] Thread saw mini-batch with a maximum of 1.46% zero probability fragments
[2025-10-10 21:15:19.404] [jointLog] [info] Thread saw mini-batch with a maximum of 1.32% zero probability fragments
[2025-10-10 21:15:19.422] [jointLog] [info] Thread saw mini-batch with a maximum of 1.34% zero probability fragments
[2025-10-10 21:15:19.427] [jointLog] [info] Thread saw mini-batch with a maximum of 1.30% zero probability fragments
[2025-10-10 21:15:19.507] [jointLog] [info] Computed 60085 rich equivalence classes for further processing
[2025-10-10 21:15:19.507] [jointLog] [info] Counted 9681388 total reads in the equivalence classes 
[2025-10-10 21:15:19.524] [jointLog] [info] Number of mappings discarded because of alignment score : 689702
[2025-10-10 21:15:19.524] [jointLog] [info] Number of fragments entirely discarded because of alignment score : 385007
[2025-10-10 21:15:19.524] [jointLog] [info] Number of fragments discarded because they are best-mapped to decoys : 0
[2025-10-10 21:15:19.524] [jointLog] [info] Number of fragments discarded because they have only dovetail (discordant) mappings to valid targets : 58508
[2025-10-10 21:15:19.524] [jointLog] [info] Mapping rate = 90.6983%

[2025-10-10 21:15:19.524] [jointLog] [info] finished quantifyLibrary()
[2025-10-10 21:15:19.524] [jointLog] [info] Starting optimizer
[2025-10-10 21:15:19.539] [jointLog] [info] Marked 0 weighted equivalence classes as degenerate
[2025-10-10 21:15:19.540] [jointLog] [info] iteration = 0 | max rel diff. = 20742.7
[2025-10-10 21:15:19.694] [jointLog] [info] iteration = 100 | max rel diff. = 0.450433
[2025-10-10 21:15:19.845] [jointLog] [info] iteration = 200 | max rel diff. = 0.21589
[2025-10-10 21:15:19.508] [fileLog] [info] 
At end of round 0
==================
Observed 10674274 total fragments (10674274 in most recent round)

[2025-10-10 21:15:19.991] [jointLog] [info] iteration = 300 | max rel diff. = 0.0929741
[2025-10-10 21:15:20.157] [jointLog] [info] iteration = 400 | max rel diff. = 0.349346
[2025-10-10 21:15:20.344] [jointLog] [info] iteration = 500 | max rel diff. = 0.075951
[2025-10-10 21:15:20.511] [jointLog] [info] iteration = 600 | max rel diff. = 0.0260563
[2025-10-10 21:15:20.659] [jointLog] [info] iteration = 700 | max rel diff. = 0.0665566
[2025-10-10 21:15:20.804] [jointLog] [info] iteration = 800 | max rel diff. = 0.456989
[2025-10-10 21:15:20.918] [jointLog] [info] iteration = 876 | max rel diff. = 0.00586731
[2025-10-10 21:15:20.919] [jointLog] [info] Finished optimizer
[2025-10-10 21:15:20.919] [jointLog] [info] writing output 

