[2025-10-10 23:48:18.756] [jointLog] [info] setting maxHashResizeThreads to 16
[2025-10-10 23:48:18.756] [jointLog] [info] Fragment incompatibility prior below threshold.  Incompatible fragments will be ignored.
[2025-10-10 23:48:18.756] [jointLog] [info] Usage of --validateMappings implies use of minScoreFraction. Since not explicitly specified, it is being set to 0.65
[2025-10-10 23:48:18.756] [jointLog] [info] Setting consensusSlack to selective-alignment default of 0.35.
[2025-10-10 23:48:18.756] [jointLog] [info] parsing read library format
[2025-10-10 23:48:18.756] [jointLog] [info] There is 1 library.
[2025-10-10 23:48:18.756] [jointLog] [info] Loading pufferfish index
[2025-10-10 23:48:18.756] [jointLog] [info] Loading dense pufferfish index.
[2025-10-10 23:48:19.051] [jointLog] [info] done
[2025-10-10 23:48:19.238] [jointLog] [info] Index contained 32131 targets
[2025-10-10 23:48:19.244] [jointLog] [info] Number of decoys : 0
[2025-10-10 23:48:19.632] [jointLog] [info] Automatically detected most likely library type as ISR

[2025-10-10 23:48:44.198] [jointLog] [info] Thread saw mini-batch with a maximum of 0.76% zero probability fragments
[2025-10-10 23:48:44.198] [jointLog] [info] Thread saw mini-batch with a maximum of 0.66% zero probability fragments
[2025-10-10 23:48:44.198] [jointLog] [info] Thread saw mini-batch with a maximum of 0.72% zero probability fragments
[2025-10-10 23:48:44.198] [jointLog] [info] Thread saw mini-batch with a maximum of 0.82% zero probability fragments
[2025-10-10 23:48:44.198] [jointLog] [info] Thread saw mini-batch with a maximum of 0.74% zero probability fragments
[2025-10-10 23:48:44.198] [jointLog] [info] Thread saw mini-batch with a maximum of 0.76% zero probability fragments
[2025-10-10 23:48:44.199] [jointLog] [info] Thread saw mini-batch with a maximum of 0.66% zero probability fragments
[2025-10-10 23:48:44.199] [jointLog] [info] Thread saw mini-batch with a maximum of 0.84% zero probability fragments
[2025-10-10 23:48:44.211] [jointLog] [info] Thread saw mini-batch with a maximum of 0.82% zero probability fragments
[2025-10-10 23:48:44.212] [jointLog] [info] Thread saw mini-batch with a maximum of 0.74% zero probability fragments
[2025-10-10 23:48:44.216] [jointLog] [info] Thread saw mini-batch with a maximum of 0.72% zero probability fragments
[2025-10-10 23:48:44.224] [jointLog] [info] Thread saw mini-batch with a maximum of 0.74% zero probability fragments
[2025-10-10 23:48:44.239] [jointLog] [info] Thread saw mini-batch with a maximum of 0.72% zero probability fragments
[2025-10-10 23:48:44.256] [jointLog] [info] Thread saw mini-batch with a maximum of 0.78% zero probability fragments
[2025-10-10 23:48:44.267] [jointLog] [info] Thread saw mini-batch with a maximum of 0.66% zero probability fragments
[2025-10-10 23:48:44.279] [jointLog] [info] Thread saw mini-batch with a maximum of 0.80% zero probability fragments
[2025-10-10 23:48:44.426] [jointLog] [info] Computed 192827 rich equivalence classes for further processing
[2025-10-10 23:48:44.426] [jointLog] [info] Counted 9028620 total reads in the equivalence classes 
[2025-10-10 23:48:44.441] [jointLog] [info] Number of mappings discarded because of alignment score : 592706
[2025-10-10 23:48:44.441] [jointLog] [info] Number of fragments entirely discarded because of alignment score : 327255
[2025-10-10 23:48:44.441] [jointLog] [info] Number of fragments discarded because they are best-mapped to decoys : 0
[2025-10-10 23:48:44.441] [jointLog] [info] Number of fragments discarded because they have only dovetail (discordant) mappings to valid targets : 52049
[2025-10-10 23:48:44.441] [jointLog] [info] Mapping rate = 92.3555%

[2025-10-10 23:48:44.441] [jointLog] [info] finished quantifyLibrary()
[2025-10-10 23:48:44.441] [jointLog] [info] Starting optimizer
[2025-10-10 23:48:44.467] [jointLog] [info] Marked 0 weighted equivalence classes as degenerate
[2025-10-10 23:48:44.470] [jointLog] [info] iteration = 0 | max rel diff. = 22323.2
[2025-10-10 23:48:44.426] [fileLog] [info] 
At end of round 0
==================
Observed 9775941 total fragments (9775941 in most recent round)

[2025-10-10 23:48:44.964] [jointLog] [info] iteration = 100 | max rel diff. = 0.552174
[2025-10-10 23:48:45.364] [jointLog] [info] iteration = 200 | max rel diff. = 0.386403
[2025-10-10 23:48:45.789] [jointLog] [info] iteration = 300 | max rel diff. = 0.0521055
[2025-10-10 23:48:46.191] [jointLog] [info] iteration = 400 | max rel diff. = 0.0536033
[2025-10-10 23:48:46.622] [jointLog] [info] iteration = 500 | max rel diff. = 0.0310682
[2025-10-10 23:48:47.013] [jointLog] [info] iteration = 600 | max rel diff. = 0.0617591
[2025-10-10 23:48:47.419] [jointLog] [info] iteration = 700 | max rel diff. = 1.80532
[2025-10-10 23:48:47.843] [jointLog] [info] iteration = 800 | max rel diff. = 0.0741177
[2025-10-10 23:48:48.246] [jointLog] [info] iteration = 900 | max rel diff. = 0.0283315
[2025-10-10 23:48:48.674] [jointLog] [info] iteration = 1000 | max rel diff. = 0.0117055
[2025-10-10 23:48:49.053] [jointLog] [info] iteration = 1095 | max rel diff. = 0.00106065
[2025-10-10 23:48:49.054] [jointLog] [info] Finished optimizer
[2025-10-10 23:48:49.054] [jointLog] [info] writing output 

