[2025-10-10 21:18:21.705] [jointLog] [info] setting maxHashResizeThreads to 16
[2025-10-10 21:18:21.705] [jointLog] [info] Fragment incompatibility prior below threshold.  Incompatible fragments will be ignored.
[2025-10-10 21:18:21.705] [jointLog] [info] Usage of --validateMappings implies use of minScoreFraction. Since not explicitly specified, it is being set to 0.65
[2025-10-10 21:18:21.705] [jointLog] [info] Setting consensusSlack to selective-alignment default of 0.35.
[2025-10-10 21:18:21.705] [jointLog] [info] parsing read library format
[2025-10-10 21:18:21.705] [jointLog] [info] There is 1 library.
[2025-10-10 21:18:21.705] [jointLog] [info] Loading pufferfish index
[2025-10-10 21:18:21.705] [jointLog] [info] Loading dense pufferfish index.
[2025-10-10 21:18:21.950] [jointLog] [info] done
[2025-10-10 21:18:22.028] [jointLog] [info] Index contained 32131 targets
[2025-10-10 21:18:22.034] [jointLog] [info] Number of decoys : 0
[2025-10-10 21:18:22.359] [jointLog] [info] Automatically detected most likely library type as ISR

[2025-10-10 21:18:49.093] [jointLog] [info] Thread saw mini-batch with a maximum of 0.78% zero probability fragments
[2025-10-10 21:18:49.093] [jointLog] [info] Thread saw mini-batch with a maximum of 0.90% zero probability fragments
[2025-10-10 21:18:49.093] [jointLog] [info] Thread saw mini-batch with a maximum of 0.92% zero probability fragments
[2025-10-10 21:18:49.093] [jointLog] [info] Thread saw mini-batch with a maximum of 0.82% zero probability fragments
[2025-10-10 21:18:49.093] [jointLog] [info] Thread saw mini-batch with a maximum of 0.88% zero probability fragments
[2025-10-10 21:18:49.093] [jointLog] [info] Thread saw mini-batch with a maximum of 0.82% zero probability fragments
[2025-10-10 21:18:49.095] [jointLog] [info] Thread saw mini-batch with a maximum of 0.80% zero probability fragments
[2025-10-10 21:18:49.105] [jointLog] [info] Thread saw mini-batch with a maximum of 0.88% zero probability fragments
[2025-10-10 21:18:49.115] [jointLog] [info] Thread saw mini-batch with a maximum of 0.88% zero probability fragments
[2025-10-10 21:18:49.116] [jointLog] [info] Thread saw mini-batch with a maximum of 0.86% zero probability fragments
[2025-10-10 21:18:49.119] [jointLog] [info] Thread saw mini-batch with a maximum of 0.78% zero probability fragments
[2025-10-10 21:18:49.134] [jointLog] [info] Thread saw mini-batch with a maximum of 0.82% zero probability fragments
[2025-10-10 21:18:49.144] [jointLog] [info] Thread saw mini-batch with a maximum of 0.78% zero probability fragments
[2025-10-10 21:18:49.158] [jointLog] [info] Thread saw mini-batch with a maximum of 0.80% zero probability fragments
[2025-10-10 21:18:49.159] [jointLog] [info] Thread saw mini-batch with a maximum of 0.80% zero probability fragments
[2025-10-10 21:18:49.169] [jointLog] [info] Thread saw mini-batch with a maximum of 0.74% zero probability fragments
[2025-10-10 21:18:49.328] [jointLog] [info] Computed 236626 rich equivalence classes for further processing
[2025-10-10 21:18:49.328] [jointLog] [info] Counted 9874776 total reads in the equivalence classes 
[2025-10-10 21:18:49.345] [jointLog] [info] Number of mappings discarded because of alignment score : 555327
[2025-10-10 21:18:49.345] [jointLog] [info] Number of fragments entirely discarded because of alignment score : 364525
[2025-10-10 21:18:49.345] [jointLog] [info] Number of fragments discarded because they are best-mapped to decoys : 0
[2025-10-10 21:18:49.345] [jointLog] [info] Number of fragments discarded because they have only dovetail (discordant) mappings to valid targets : 50893
[2025-10-10 21:18:49.345] [jointLog] [info] Mapping rate = 92.3635%

[2025-10-10 21:18:49.345] [jointLog] [info] finished quantifyLibrary()
[2025-10-10 21:18:49.345] [jointLog] [info] Starting optimizer
[2025-10-10 21:18:49.372] [jointLog] [info] Marked 0 weighted equivalence classes as degenerate
[2025-10-10 21:18:49.376] [jointLog] [info] iteration = 0 | max rel diff. = 24422.5
[2025-10-10 21:18:49.329] [fileLog] [info] 
At end of round 0
==================
Observed 10691208 total fragments (10691208 in most recent round)

[2025-10-10 21:18:49.746] [jointLog] [info] iteration = 100 | max rel diff. = 1.93735
[2025-10-10 21:18:50.125] [jointLog] [info] iteration = 200 | max rel diff. = 0.205082
[2025-10-10 21:18:50.507] [jointLog] [info] iteration = 300 | max rel diff. = 0.430085
[2025-10-10 21:18:50.870] [jointLog] [info] iteration = 400 | max rel diff. = 2.83446
[2025-10-10 21:18:51.306] [jointLog] [info] iteration = 500 | max rel diff. = 0.266758
[2025-10-10 21:18:51.596] [jointLog] [info] iteration = 565 | max rel diff. = 0.00657913
[2025-10-10 21:18:51.598] [jointLog] [info] Finished optimizer
[2025-10-10 21:18:51.598] [jointLog] [info] writing output 

